Using pre-set license
Built from '2020.3/release' branch; Version is '2020.3.2f1 (8fd9074bf66c) revision 9427207'; Using compiler version '192528614'; Build Type 'Release'
OS: 'Windows 10 Home; OS build 19041.388; Version 2004; 64bit' Language: 'en' Physical Memory: 32717 MB
BatchMode: 1, IsHumanControllingUs: 0, StartBugReporterOnCrash: 0, Is64bit: 1, IsPro: 0

 COMMAND LINE ARGUMENTS:
D:\Program Files\2020.3.2f1\Editor\Unity.exe
-adb2
-batchMode
-noUpm
-name
AssetImportWorker0
-projectPath
D:/Documents/UNITY PROJECTS/uni-simple-profiler/app
-logFile
Logs/AssetImportWorker0.log
-srvPort
50263
Successfully changed project path to: D:/Documents/UNITY PROJECTS/uni-simple-profiler/app
D:/Documents/UNITY PROJECTS/uni-simple-profiler/app
Using Asset Import Pipeline V2.
Refreshing native plugins compatible for Editor in 47.11 ms, found 0 plugins.
Preloading 0 native plugins for Editor in 0.00 ms.
Initialize engine version: 2020.3.2f1 (8fd9074bf66c)
[Subsystems] Discovering subsystems at path D:/Program Files/2020.3.2f1/Editor/Data/Resources/UnitySubsystems
[Subsystems] Discovering subsystems at path D:/Documents/UNITY PROJECTS/uni-simple-profiler/app/Assets
GfxDevice: creating device client; threaded=0
Direct3D:
    Version:  Direct3D 11.0 [level 11.1]
    Renderer: NVIDIA GeForce GTX 1080 with Max-Q Design (ID=0x1be0)
    Vendor:   
    VRAM:     8079 MB
    Driver:   26.21.14.4587
Initialize mono
Mono path[0] = 'D:/Program Files/2020.3.2f1/Editor/Data/Managed'
Mono path[1] = 'D:/Program Files/2020.3.2f1/Editor/Data/MonoBleedingEdge/lib/mono/unityjit'
Mono config path = 'D:/Program Files/2020.3.2f1/Editor/Data/MonoBleedingEdge/etc'
Using monoOptions --debugger-agent=transport=dt_socket,embedding=1,server=y,suspend=n,address=127.0.0.1:56960
Begin MonoManager ReloadAssembly
Registering precompiled unity dll's ...
Register platform support module: D:/Program Files/2020.3.2f1/Editor/Data/PlaybackEngines/WebGLSupport/UnityEditor.WebGL.Extensions.dll
Register platform support module: D:/Program Files/2020.3.2f1/Editor/Data/PlaybackEngines/WindowsStandaloneSupport/UnityEditor.WindowsStandalone.Extensions.dll
Register platform support module: D:/Program Files/2020.3.2f1/Editor/Data/PlaybackEngines/LuminSupport/UnityEditor.Lumin.Extensions.dll
Registered in 0.006351 seconds.
Native extension for Lumin target not found
Native extension for WindowsStandalone target not found
Native extension for WebGL target not found
Refreshing native plugins compatible for Editor in 46.21 ms, found 0 plugins.
Preloading 0 native plugins for Editor in 0.00 ms.
Invoked RoslynAnalysisRunner static constructor.
RoslynAnalysisRunner will not be running.
RoslynAnalysisRunner has terminated.
Mono: successfully reloaded assembly
- Completed reload, in  1.675 seconds
Platform modules already initialized, skipping
Registering precompiled user dll's ...
Registered in 0.002888 seconds.
Begin MonoManager ReloadAssembly
Native extension for Lumin target not found
Native extension for WindowsStandalone target not found
Native extension for WebGL target not found
Refreshing native plugins compatible for Editor in 0.45 ms, found 0 plugins.
Preloading 0 native plugins for Editor in 0.00 ms.
Invoked RoslynAnalysisRunner static constructor.
RoslynAnalysisRunner will not be running.
RoslynAnalysisRunner has terminated.
Mono: successfully reloaded assembly
- Completed reload, in  1.278 seconds
Platform modules already initialized, skipping
========================================================================
Worker process is ready to serve import requests
Launched and connected shader compiler UnityShaderCompiler.exe after 0.11 seconds
Refreshing native plugins compatible for Editor in 0.67 ms, found 0 plugins.
Preloading 0 native plugins for Editor in 0.00 ms.
Unloading 1416 Unused Serialized files (Serialized files now loaded: 0)
System memory in use before: 65.0 MB.
System memory in use after: 65.0 MB.

Unloading 33 unused Assets to reduce memory usage. Loaded Objects now: 1844.
Total: 2.280600 ms (FindLiveObjects: 0.200900 ms CreateObjectMapping: 0.062300 ms MarkObjects: 1.953600 ms  DeleteObjects: 0.062600 ms)

========================================================================
Received Import Request.
  path: Assets/UniSimpleProfiler/Prefabs
  artifactKey: Guid(1347fd0e709faed48bc017bf9afa9a14) Importer(815301076,1909f56bfc062723c751e8b465ee728b)
Start importing Assets/UniSimpleProfiler/Prefabs using Guid(1347fd0e709faed48bc017bf9afa9a14) Importer(815301076,1909f56bfc062723c751e8b465ee728b)  -> (artifact id: '0904bab52b0d30c29d1489e0c078d355') in 0.004792 seconds
  Import took 0.008201 seconds .

========================================================================
Received Import Request.
  Time since last request: 0.000264 seconds.
  path: Assets/UniSimpleProfiler
  artifactKey: Guid(5d436567b4346ce42a7ce447eb6ceb54) Importer(815301076,1909f56bfc062723c751e8b465ee728b)
Start importing Assets/UniSimpleProfiler using Guid(5d436567b4346ce42a7ce447eb6ceb54) Importer(815301076,1909f56bfc062723c751e8b465ee728b)  -> (artifact id: '31e6d60d7f53d804448ff820712975ba') in 0.001845 seconds
  Import took 0.004223 seconds .

========================================================================
Received Import Request.
  Time since last request: 0.000231 seconds.
  path: Assets/UniSimpleProfiler/Prefabs/UniSimpleProfilerUI.prefab
  artifactKey: Guid(1dbba31a05844d34785918e8563af8ab) Importer(815301076,1909f56bfc062723c751e8b465ee728b)
Start importing Assets/UniSimpleProfiler/Prefabs/UniSimpleProfilerUI.prefab using Guid(1dbba31a05844d34785918e8563af8ab) Importer(815301076,1909f56bfc062723c751e8b465ee728b)  -> (artifact id: 'b6358404d7d0a30e0891b6c03fd9f48b') in 0.141010 seconds
  Import took 0.143878 seconds .

========================================================================
Received Prepare
Registering precompiled user dll's ...
Registered in 0.003043 seconds.
Begin MonoManager ReloadAssembly
Native extension for Lumin target not found
Native extension for WindowsStandalone target not found
Native extension for WebGL target not found
Refreshing native plugins compatible for Editor in 0.43 ms, found 0 plugins.
Preloading 0 native plugins for Editor in 0.00 ms.
Invoked RoslynAnalysisRunner static constructor.
RoslynAnalysisRunner will not be running.
RoslynAnalysisRunner has terminated.
Mono: successfully reloaded assembly
- Completed reload, in  1.251 seconds
Platform modules already initialized, skipping
Refreshing native plugins compatible for Editor in 0.39 ms, found 0 plugins.
Preloading 0 native plugins for Editor in 0.00 ms.
Unloading 1457 Unused Serialized files (Serialized files now loaded: 0)
System memory in use before: 67.9 MB.
System memory in use after: 67.3 MB.

Unloading 37 unused Assets to reduce memory usage. Loaded Objects now: 1881.
Total: 3.226700 ms (FindLiveObjects: 0.191700 ms CreateObjectMapping: 0.087300 ms MarkObjects: 2.643200 ms  DeleteObjects: 0.302600 ms)

========================================================================
Received Prepare
Registering precompiled user dll's ...
Registered in 0.003430 seconds.
Begin MonoManager ReloadAssembly
Native extension for Lumin target not found
Native extension for WindowsStandalone target not found
Native extension for WebGL target not found
Refreshing native plugins compatible for Editor in 3.76 ms, found 0 plugins.
Preloading 0 native plugins for Editor in 0.00 ms.
Invoked RoslynAnalysisRunner static constructor.
RoslynAnalysisRunner will not be running.
RoslynAnalysisRunner has terminated.
Mono: successfully reloaded assembly
- Completed reload, in  1.921 seconds
Platform modules already initialized, skipping
Refreshing native plugins compatible for Editor in 1.28 ms, found 0 plugins.
Preloading 0 native plugins for Editor in 0.00 ms.
Unloading 1457 Unused Serialized files (Serialized files now loaded: 0)
System memory in use before: 67.9 MB.
System memory in use after: 67.4 MB.

Unloading 37 unused Assets to reduce memory usage. Loaded Objects now: 1884.
Total: 3.930300 ms (FindLiveObjects: 0.625000 ms CreateObjectMapping: 0.164100 ms MarkObjects: 2.652600 ms  DeleteObjects: 0.486700 ms)

========================================================================
Received Import Request.
  Time since last request: 430.465731 seconds.
  path: Assets/UniSimpleProfiler/Prefabs/NAN_UniSimpleProfilerUI.prefab
  artifactKey: Guid(bfbd017b922477e45bcaf18fb9ce1103) Importer(815301076,1909f56bfc062723c751e8b465ee728b)
Start importing Assets/UniSimpleProfiler/Prefabs/NAN_UniSimpleProfilerUI.prefab using Guid(bfbd017b922477e45bcaf18fb9ce1103) Importer(815301076,1909f56bfc062723c751e8b465ee728b)  -> (artifact id: 'ff55731741e7ca176033863c4d129cb4') in 0.167535 seconds
  Import took 0.172162 seconds .

========================================================================
Received Import Request.
  Time since last request: 0.000334 seconds.
  path: Assets/UniSimpleProfiler/Prefabs/UniSimpleProfilerUI.prefab
  artifactKey: Guid(1dbba31a05844d34785918e8563af8ab) Importer(815301076,1909f56bfc062723c751e8b465ee728b)
Start importing Assets/UniSimpleProfiler/Prefabs/UniSimpleProfilerUI.prefab using Guid(1dbba31a05844d34785918e8563af8ab) Importer(815301076,1909f56bfc062723c751e8b465ee728b)  -> (artifact id: '4973c94cf34f29374dc42688f3d16b4b') in 0.055763 seconds
  Import took 0.060213 seconds .

========================================================================
Received Import Request.
  Time since last request: 256.187837 seconds.
  path: Assets/UniSimpleProfiler/Scripts/Dragable.cs
  artifactKey: Guid(5425224b3b2f4d849863ee3d4dc34e3c) Importer(815301076,1909f56bfc062723c751e8b465ee728b)
Start importing Assets/UniSimpleProfiler/Scripts/Dragable.cs using Guid(5425224b3b2f4d849863ee3d4dc34e3c) Importer(815301076,1909f56bfc062723c751e8b465ee728b)  -> (artifact id: '21edc811e734cb22ebd2e862501a7911') in 0.039597 seconds
  Import took 0.045845 seconds .

========================================================================
Received Import Request.
  Time since last request: 0.007227 seconds.
  path: Assets/UniSimpleProfiler/Scripts/FPSCounter.cs
  artifactKey: Guid(38d46685b3dffa8408ce9ffd2f7f985c) Importer(815301076,1909f56bfc062723c751e8b465ee728b)
Start importing Assets/UniSimpleProfiler/Scripts/FPSCounter.cs using Guid(38d46685b3dffa8408ce9ffd2f7f985c) Importer(815301076,1909f56bfc062723c751e8b465ee728b)  -> (artifact id: '9b309e50712c23d228778c2366267413') in 0.011330 seconds
  Import took 0.017005 seconds .

========================================================================
Received Import Request.
  Time since last request: 0.008348 seconds.
  path: Assets/UniSimpleProfiler/Scripts/UniSimpleProfilerUI.cs
  artifactKey: Guid(c28c33ed3de01444d920e1236c5b3956) Importer(815301076,1909f56bfc062723c751e8b465ee728b)
Start importing Assets/UniSimpleProfiler/Scripts/UniSimpleProfilerUI.cs using Guid(c28c33ed3de01444d920e1236c5b3956) Importer(815301076,1909f56bfc062723c751e8b465ee728b)  -> (artifact id: 'c8e0cab51070da120d2084f0b4b3e83a') in 0.007016 seconds
  Import took 0.014167 seconds .

AssetImportWorkerClient::OnTransportError - code=2 error=End of file
